<?xml version="1.0" encoding="UTF-8"?>
<!-- Generated by org.testng.reporters.JUnitReportReporter -->
<testsuite skipped="0" hostname="50cfa23a0aff" name="com.newtours.tests.BookFlightTest" tests="20" failures="0" timestamp="26 Jul 2019 13:56:22 GMT" time="44.214" errors="0">
  <testcase name="flightDetailsPage" time="0.796" classname="com.newtours.tests.BookFlightTest"/>
  <testcase name="flightConfirmationPage" time="0.941" classname="com.newtours.tests.BookFlightTest"/>
  <testcase name="registrationPage" time="3.211" classname="com.newtours.tests.BookFlightTest"/>
  <testcase name="registrationConfirmationPage" time="0.701" classname="com.newtours.tests.BookFlightTest"/>
  <testcase name="registrationPage" time="7.499" classname="com.newtours.tests.BookFlightTest"/>
  <testcase name="findFlightPage" time="1.632" classname="com.newtours.tests.BookFlightTest"/>
  <testcase name="flightConfirmationPage" time="0.982" classname="com.newtours.tests.BookFlightTest"/>
  <testcase name="flightDetailsPage" time="0.731" classname="com.newtours.tests.BookFlightTest"/>
  <testcase name="registrationConfirmationPage" time="0.710" classname="com.newtours.tests.BookFlightTest"/>
  <testcase name="registrationConfirmationPage" time="0.735" classname="com.newtours.tests.BookFlightTest"/>
  <testcase name="findFlightPage" time="1.702" classname="com.newtours.tests.BookFlightTest"/>
  <testcase name="findFlightPage" time="1.618" classname="com.newtours.tests.BookFlightTest"/>
  <testcase name="findFlightPage" time="1.671" classname="com.newtours.tests.BookFlightTest"/>
  <testcase name="flightDetailsPage" time="0.860" classname="com.newtours.tests.BookFlightTest"/>
  <testcase name="flightConfirmationPage" time="1.009" classname="com.newtours.tests.BookFlightTest"/>
  <testcase name="flightConfirmationPage" time="0.939" classname="com.newtours.tests.BookFlightTest"/>
  <testcase name="registrationPage" time="7.025" classname="com.newtours.tests.BookFlightTest"/>
  <testcase name="registrationConfirmationPage" time="0.799" classname="com.newtours.tests.BookFlightTest"/>
  <testcase name="registrationPage" time="9.881" classname="com.newtours.tests.BookFlightTest"/>
  <testcase name="flightDetailsPage" time="0.772" classname="com.newtours.tests.BookFlightTest"/>
</testsuite> <!-- com.newtours.tests.BookFlightTest -->
