<?xml version="1.0" encoding="UTF-8"?>
<!-- Generated by org.testng.reporters.JUnitReportReporter -->
<testsuite skipped="0" hostname="078daebbab9b" name="com.newtours.tests.BookFlightTest" tests="20" failures="0" timestamp="30 Jul 2019 09:14:28 GMT" time="148.991" errors="0">
  <testcase name="flightDetailsPage" time="2.146" classname="com.newtours.tests.BookFlightTest"/>
  <testcase name="registrationPage" time="46.587" classname="com.newtours.tests.BookFlightTest"/>
  <testcase name="registrationConfirmationPage" time="0.725" classname="com.newtours.tests.BookFlightTest"/>
  <testcase name="flightDetailsPage" time="0.756" classname="com.newtours.tests.BookFlightTest"/>
  <testcase name="registrationConfirmationPage" time="0.767" classname="com.newtours.tests.BookFlightTest"/>
  <testcase name="flightConfirmationPage" time="0.965" classname="com.newtours.tests.BookFlightTest"/>
  <testcase name="flightConfirmationPage" time="0.925" classname="com.newtours.tests.BookFlightTest"/>
  <testcase name="flightConfirmationPage" time="0.938" classname="com.newtours.tests.BookFlightTest"/>
  <testcase name="registrationPage" time="29.311" classname="com.newtours.tests.BookFlightTest"/>
  <testcase name="findFlightPage" time="1.827" classname="com.newtours.tests.BookFlightTest"/>
  <testcase name="registrationConfirmationPage" time="0.712" classname="com.newtours.tests.BookFlightTest"/>
  <testcase name="flightConfirmationPage" time="1.048" classname="com.newtours.tests.BookFlightTest"/>
  <testcase name="findFlightPage" time="1.759" classname="com.newtours.tests.BookFlightTest"/>
  <testcase name="findFlightPage" time="1.623" classname="com.newtours.tests.BookFlightTest"/>
  <testcase name="flightDetailsPage" time="0.830" classname="com.newtours.tests.BookFlightTest"/>
  <testcase name="registrationPage" time="30.519" classname="com.newtours.tests.BookFlightTest"/>
  <testcase name="findFlightPage" time="1.654" classname="com.newtours.tests.BookFlightTest"/>
  <testcase name="registrationConfirmationPage" time="0.696" classname="com.newtours.tests.BookFlightTest"/>
  <testcase name="flightDetailsPage" time="0.768" classname="com.newtours.tests.BookFlightTest"/>
  <testcase name="registrationPage" time="24.435" classname="com.newtours.tests.BookFlightTest"/>
</testsuite> <!-- com.newtours.tests.BookFlightTest -->
