<?xml version="1.0" encoding="UTF-8"?>
<!-- Generated by org.testng.reporters.JUnitReportReporter -->
<testsuite skipped="0" hostname="21baf03200d8" name="com.searchmodule.tests.SearchTest" tests="4" failures="0" timestamp="30 Jul 2019 09:05:20 GMT" time="11.328" errors="0">
  <testcase name="search" time="2.897" classname="com.searchmodule.tests.SearchTest"/>
  <testcase name="search" time="2.806" classname="com.searchmodule.tests.SearchTest"/>
  <testcase name="search" time="2.934" classname="com.searchmodule.tests.SearchTest"/>
  <testcase name="search" time="2.691" classname="com.searchmodule.tests.SearchTest"/>
</testsuite> <!-- com.searchmodule.tests.SearchTest -->
